#
#
#
#
#
#    Don't try viewing this report without a plog-converter utility!!!
#
#    plog-converter -a GA:1,2 -t tasklist -o report.tasks /path/to/this/file.log
#
#    A link to the documentation: https://pvs-studio.com/en/docs/manual/0036/
#
#
#
#
#
d99cf3ba-6fcd-43f9-9260-1179fa3a9bed
dR'8_uR%RrGGVRER'haa@->uR%Rcccc]L-2uc;x^RER']uR%X*VER U2=u$2UaPR% U2=uER2uvu2R%*ERPu==UjuR%R\8ou>o-U22fc-> ->-ouc288k}RER>u/o@->uR%RccccdRERk8=-o-8>=R%!dR -2uR%R(a88o(g=ua2U>_(.UPk2u{8_u68_h2u(kL-28=8kLua=}'RER2->u=R%!VS"B"B
dR'8_uR%RrGX[RER'haa@->uR%Rcccccccccccc=]-o'Lc;9h !S"^RER']uR%VixER U2=u$2UaPR% U2=uER2uvu2R%JERPu==UjuR%R{8>=oU>ocu/kau==-8>c->c=]-o'Lc=oUouPu>o}RER>u/o@->uR%RccccccccccccdRERk8=-o-8>=R%!dR -2uR%R(a88o(g=ua2U>_(.UPk2u{8_u68_h2u(kL-28=8kLua=}'RER2->u=R%!x*S"B"ERkauv@->uR%RccccccccdRER=U=o1_R%R{<C,w6.{Sxw{RB
dR'8_uR%Rr[SGRER'haa@->uR%RccccUajv!Uaj'"cmcLU>_2ua.oanRER']uR%[VJER U2=u$2UaPR% U2=uER2uvu2R%JERPu==UjuR%R\8->ouaco8c28'U2cUaaUfcNLU>_2ua.oaNc-=c=o8au_c8ho=-_ucoLuc='8kuc8 coL-=cUaaUf}c.h'LcUck8->ouac]-22c9u'8Puc->vU2-_}RER>u/o@->uR%RccccUajv!Uaj'tJ"cmc)Rwx)RnRERk8=-o-8>=R%!dR -2uR%R(a88o(g=ua2U>_(.UPk2u{8_u68_h2u(=Lu22}'RER2->u=R%!x*["B"ER=U=o1_R%R{<C,wF{@*Sw{RB
dR'8_uR%RrVixRER'haa@->uR%RccccccccUajvx!Uaj'xctcx"cmc)RS)RnRER U2=u$2UaPR% U2=uER2uvu2R%*ERPu==UjuR%R<Pk-a-'U2cU>U2f=-=}c1oc-=ck8==-92ucoLUocUcofk8c-=ckau=u>oc->=-_ucoLuc=oa->jc2-ouaU2%c)RS)R}c,LucNSNc]8a_c-=c=h=k-'-8h=}RER>u/o@->uR%RccccBRERk8=-o-8>=R%!dR -2uR%R(a88o(g=ua2U>_(.UPk2u{8_u68_h2u(=Lu22}'RER2->u=R%!J*G"B"ERkauv@->uR%RccccccccUajvS!Uaj'Sctcx"cmc)RS)RnRB
